2024-06-26 22:10:06,564 - INFO - Taxa de câmbio obtida: 1 USD = 5.48 BRL
2024-06-26 22:10:07,081 - ERROR - Erro ao obter taxa de câmbio para 2023-01-01: 404 Client Error: Not Found for url: https://api.exchangerate-api.com/v4/2023-01-01/USD
2024-06-26 22:11:42,048 - INFO - Taxa de câmbio obtida: 1 USD = 5.48 BRL
2024-06-26 22:11:42,843 - WARNING - Taxa de câmbio para BRL não encontrada em 2023-01-01.
2024-06-26 22:11:43,469 - WARNING - Taxa de câmbio para BRL não encontrada em 2024-06-26.
2024-06-26 22:11:43,470 - INFO - Valor convertido: 100 USD = 548.0 BRL
2024-06-26 22:13:14,879 - INFO - Taxa de câmbio obtida: 1 USD = 5.48 BRL
2024-06-26 22:13:15,629 - WARNING - Taxa de câmbio para BRL não encontrada em 2023-01-01.
2024-06-26 22:13:16,265 - WARNING - Taxa de câmbio para BRL não encontrada em 2024-06-26.
2024-06-26 22:13:16,265 - INFO - Valor convertido: 100 USD = 548.0 BRL
2024-06-26 22:13:16,940 - WARNING - Taxa de câmbio para BRL não encontrada em 2023-01-02.
2024-06-26 22:14:26,221 - INFO - Taxa de câmbio obtida: 1 USD = 5.48 BRL
2024-06-26 22:14:26,222 - INFO - Obtendo taxa de câmbio da URL: https://api.exchangerate.host/2023-01-01
2024-06-26 22:14:26,863 - INFO - Resposta da API: {'success': False, 'error': {'code': 101, 'type': 'missing_access_key', 'info': 'You have not supplied an API Access Key. [Required format: access_key=YOUR_ACCESS_KEY]'}}
2024-06-26 22:14:26,863 - WARNING - Taxa de câmbio para BRL não encontrada em 2023-01-01.
2024-06-26 22:14:26,864 - INFO - Obtendo taxa de câmbio da URL: https://api.exchangerate.host/2024-06-26
2024-06-26 22:14:27,485 - INFO - Resposta da API: {'success': False, 'error': {'code': 101, 'type': 'missing_access_key', 'info': 'You have not supplied an API Access Key. [Required format: access_key=YOUR_ACCESS_KEY]'}}
2024-06-26 22:14:27,485 - WARNING - Taxa de câmbio para BRL não encontrada em 2024-06-26.
2024-06-26 22:14:27,486 - INFO - Valor convertido: 100 USD = 548.0 BRL
2024-06-26 22:14:27,486 - INFO - Obtendo taxa de câmbio da URL: https://api.exchangerate.host/2023-01-02
2024-06-26 22:14:28,133 - INFO - Resposta da API: {'success': False, 'error': {'code': 101, 'type': 'missing_access_key', 'info': 'You have not supplied an API Access Key. [Required format: access_key=YOUR_ACCESS_KEY]'}}
2024-06-26 22:14:28,133 - WARNING - Taxa de câmbio para BRL não encontrada em 2023-01-02.
2024-06-26 22:28:01,322 - INFO - Taxa de câmbio obtida: 1 USD = 5.48 BRL
2024-06-26 22:28:01,323 - INFO - Obtendo taxa de câmbio da URL: https://api.exchangerate.host/2023-01-01?access_key=ACCESS_KEY
2024-06-26 22:28:02,108 - INFO - Resposta da API: {'success': False, 'error': {'code': 101, 'type': 'invalid_access_key', 'info': 'You have not supplied a valid API Access Key. [Technical Support: support@apilayer.com]'}}
2024-06-26 22:28:02,108 - WARNING - Taxa de câmbio para BRL não encontrada em 2023-01-01.
2024-06-26 22:28:02,109 - INFO - Obtendo taxa de câmbio da URL: https://api.exchangerate.host/2024-06-26?access_key=ACCESS_KEY
2024-06-26 22:28:02,744 - INFO - Resposta da API: {'success': False, 'error': {'code': 101, 'type': 'invalid_access_key', 'info': 'You have not supplied a valid API Access Key. [Technical Support: support@apilayer.com]'}}
2024-06-26 22:28:02,744 - WARNING - Taxa de câmbio para BRL não encontrada em 2024-06-26.
2024-06-26 22:28:02,745 - INFO - Valor convertido: 100 USD = 548.0 BRL
2024-06-26 22:28:02,745 - INFO - Obtendo taxa de câmbio da URL: https://api.exchangerate.host/2023-01-02?access_key=ACCESS_KEY
2024-06-26 22:28:03,367 - INFO - Resposta da API: {'success': False, 'error': {'code': 101, 'type': 'invalid_access_key', 'info': 'You have not supplied a valid API Access Key. [Technical Support: support@apilayer.com]'}}
2024-06-26 22:28:03,367 - WARNING - Taxa de câmbio para BRL não encontrada em 2023-01-02.
2024-06-26 22:35:57,740 - INFO - Taxa de câmbio obtida: 1 USD = 5.48 BRL
2024-06-26 22:35:57,741 - INFO - Obtendo taxa de câmbio da URL: https://api.exchangerate.host/2023-01-01?access_key=ACCESS_KEY
2024-06-26 22:35:58,495 - INFO - Resposta da API: {'success': False, 'error': {'code': 101, 'type': 'invalid_access_key', 'info': 'You have not supplied a valid API Access Key. [Technical Support: support@apilayer.com]'}}
2024-06-26 22:35:58,497 - WARNING - Taxa de câmbio para BRL não encontrada em 2023-01-01.
2024-06-26 22:35:58,497 - INFO - Obtendo taxa de câmbio da URL: https://api.exchangerate.host/2024-06-26?access_key=ACCESS_KEY
2024-06-26 22:35:58,926 - INFO - Resposta da API: {'success': False, 'error': {'code': 101, 'type': 'invalid_access_key', 'info': 'You have not supplied a valid API Access Key. [Technical Support: support@apilayer.com]'}}
2024-06-26 22:35:58,927 - WARNING - Taxa de câmbio para BRL não encontrada em 2024-06-26.
2024-06-26 22:35:58,927 - INFO - Valor convertido: 100 USD = 548.0 BRL
2024-06-26 22:35:58,927 - INFO - Valor convertido: 1 USD = 5.48 BRL
2024-06-26 22:35:58,928 - INFO - Obtendo taxa de câmbio da URL: https://api.exchangerate.host/2023-01-02?access_key=ACCESS_KEY
2024-06-26 22:35:59,568 - INFO - Resposta da API: {'success': False, 'error': {'code': 101, 'type': 'invalid_access_key', 'info': 'You have not supplied a valid API Access Key. [Technical Support: support@apilayer.com]'}}
2024-06-26 22:35:59,568 - WARNING - Taxa de câmbio para BRL não encontrada em 2023-01-02.
2024-06-26 22:35:59,586 - INFO - Dados salvos no arquivo dados/csv/taxas.csv
2024-06-26 22:37:35,261 - INFO - Taxa de câmbio obtida: 1 USD = 5.48 BRL
2024-06-26 22:37:35,263 - INFO - Obtendo taxa de câmbio da URL: https://api.exchangerate.host/2023-01-01?access_key=ACCESS_KEY
2024-06-26 22:37:35,886 - INFO - Resposta da API: {'success': False, 'error': {'code': 101, 'type': 'invalid_access_key', 'info': 'You have not supplied a valid API Access Key. [Technical Support: support@apilayer.com]'}}
2024-06-26 22:37:35,886 - WARNING - Taxa de câmbio para BRL não encontrada em 2023-01-01.
2024-06-26 22:37:35,887 - INFO - Obtendo taxa de câmbio da URL: https://api.exchangerate.host/2024-06-26?access_key=ACCESS_KEY
2024-06-26 22:37:36,303 - INFO - Resposta da API: {'success': False, 'error': {'code': 101, 'type': 'invalid_access_key', 'info': 'You have not supplied a valid API Access Key. [Technical Support: support@apilayer.com]'}}
2024-06-26 22:37:36,304 - WARNING - Taxa de câmbio para BRL não encontrada em 2024-06-26.
2024-06-26 22:37:36,304 - INFO - Valor convertido: 100 USD = 548.0 BRL
2024-06-26 22:37:36,304 - INFO - Valor convertido: 1 USD = 5.48 BRL
2024-06-26 22:37:36,304 - INFO - Obtendo taxa de câmbio da URL: https://api.exchangerate.host/2023-01-02?access_key=ACCESS_KEY
2024-06-26 22:37:36,959 - INFO - Resposta da API: {'success': False, 'error': {'code': 101, 'type': 'invalid_access_key', 'info': 'You have not supplied a valid API Access Key. [Technical Support: support@apilayer.com]'}}
2024-06-26 22:37:36,960 - WARNING - Taxa de câmbio para BRL não encontrada em 2023-01-02.
2024-06-26 22:37:36,977 - INFO - Dados salvos no arquivo dados/csv/taxas.csv
2024-06-26 22:40:00,090 - INFO - Taxa de câmbio obtida: 1 USD = 5.48 BRL
2024-06-26 22:40:00,091 - INFO - Obtendo taxa de câmbio da URL: https://api.exchangerate.host/2023-01-01?access_key=ACCESS_KEY
2024-06-26 22:40:00,800 - INFO - Resposta da API: {'success': False, 'error': {'code': 101, 'type': 'invalid_access_key', 'info': 'You have not supplied a valid API Access Key. [Technical Support: support@apilayer.com]'}}
2024-06-26 22:40:00,800 - WARNING - Taxa de câmbio para BRL não encontrada em 2023-01-01.
2024-06-26 22:40:00,801 - INFO - Obtendo taxa de câmbio da URL: https://api.exchangerate.host/2024-06-26?access_key=ACCESS_KEY
2024-06-26 22:40:01,474 - INFO - Resposta da API: {'success': False, 'error': {'code': 101, 'type': 'invalid_access_key', 'info': 'You have not supplied a valid API Access Key. [Technical Support: support@apilayer.com]'}}
2024-06-26 22:40:01,474 - WARNING - Taxa de câmbio para BRL não encontrada em 2024-06-26.
2024-06-26 22:40:01,474 - INFO - Valor convertido: 100 USD = 548.0 BRL
2024-06-26 22:40:01,474 - INFO - Valor convertido: 1 USD = 5.48 BRL
2024-06-26 22:40:01,474 - INFO - Obtendo taxa de câmbio da URL: https://api.exchangerate.host/2023-01-02?access_key=ACCESS_KEY
2024-06-26 22:40:02,126 - INFO - Resposta da API: {'success': False, 'error': {'code': 101, 'type': 'invalid_access_key', 'info': 'You have not supplied a valid API Access Key. [Technical Support: support@apilayer.com]'}}
2024-06-26 22:40:02,127 - WARNING - Taxa de câmbio para BRL não encontrada em 2023-01-02.
2024-06-26 22:40:02,127 - INFO - Salvando dados de taxas em CSV
2024-06-26 22:40:02,143 - INFO - Dados salvos no arquivo dados/csv/taxas.csv
2024-06-26 22:42:18,836 - INFO - Taxa de câmbio obtida: 1 USD = 5.48 BRL
2024-06-26 22:42:18,839 - INFO - Obtendo taxa de câmbio da URL: https://api.exchangerate.host/2023-01-01?access_key=ACCESS_KEY
2024-06-26 22:42:20,409 - INFO - Resposta da API: {'success': False, 'error': {'code': 101, 'type': 'invalid_access_key', 'info': 'You have not supplied a valid API Access Key. [Technical Support: support@apilayer.com]'}}
2024-06-26 22:42:20,409 - WARNING - Taxa de câmbio para BRL não encontrada em 2023-01-01.
2024-06-26 22:42:20,410 - INFO - Obtendo taxa de câmbio da URL: https://api.exchangerate.host/2024-06-26?access_key=ACCESS_KEY
2024-06-26 22:42:21,042 - INFO - Resposta da API: {'success': False, 'error': {'code': 101, 'type': 'invalid_access_key', 'info': 'You have not supplied a valid API Access Key. [Technical Support: support@apilayer.com]'}}
2024-06-26 22:42:21,043 - WARNING - Taxa de câmbio para BRL não encontrada em 2024-06-26.
2024-06-26 22:42:21,043 - INFO - Valor convertido: 100 USD = 548.0 BRL
2024-06-26 22:42:21,043 - INFO - Valor convertido: 1 USD = 5.48 BRL
2024-06-26 22:42:21,043 - INFO - Obtendo taxa de câmbio da URL: https://api.exchangerate.host/2023-01-02?access_key=ACCESS_KEY
2024-06-26 22:42:21,657 - INFO - Resposta da API: {'success': False, 'error': {'code': 101, 'type': 'invalid_access_key', 'info': 'You have not supplied a valid API Access Key. [Technical Support: support@apilayer.com]'}}
2024-06-26 22:42:21,657 - WARNING - Taxa de câmbio para BRL não encontrada em 2023-01-02.
2024-06-26 22:42:21,657 - INFO - Dados preparados para salvar: [{'data': '26/06/2024', 'valor_usd': 1, 'valor_brl': 5.48}]
2024-06-26 22:42:21,657 - INFO - Salvando dados no arquivo: dados/csv/taxas.csv
2024-06-26 22:42:21,670 - INFO - Dados salvos no arquivo dados/csv/taxas.csv
2024-06-26 22:43:36,596 - INFO - Taxa de câmbio obtida: 1 USD = 5.48 BRL
2024-06-26 22:43:36,598 - INFO - Obtendo taxa de câmbio da URL: https://api.exchangerate.host/2023-01-01?access_key=ACCESS_KEY
2024-06-26 22:43:37,224 - INFO - Resposta da API: {'success': False, 'error': {'code': 101, 'type': 'invalid_access_key', 'info': 'You have not supplied a valid API Access Key. [Technical Support: support@apilayer.com]'}}
2024-06-26 22:43:37,225 - WARNING - Taxa de câmbio para BRL não encontrada em 2023-01-01.
2024-06-26 22:43:37,226 - INFO - Obtendo taxa de câmbio da URL: https://api.exchangerate.host/2024-06-26?access_key=ACCESS_KEY
2024-06-26 22:43:37,868 - INFO - Resposta da API: {'success': False, 'error': {'code': 101, 'type': 'invalid_access_key', 'info': 'You have not supplied a valid API Access Key. [Technical Support: support@apilayer.com]'}}
2024-06-26 22:43:37,868 - WARNING - Taxa de câmbio para BRL não encontrada em 2024-06-26.
2024-06-26 22:43:37,868 - INFO - Valor convertido: 100 USD = 548.0 BRL
2024-06-26 22:43:37,868 - INFO - Valor convertido: 1 USD = 5.48 BRL
2024-06-26 22:43:37,868 - INFO - Obtendo taxa de câmbio da URL: https://api.exchangerate.host/2023-01-02?access_key=ACCESS_KEY
2024-06-26 22:43:38,500 - INFO - Resposta da API: {'success': False, 'error': {'code': 101, 'type': 'invalid_access_key', 'info': 'You have not supplied a valid API Access Key. [Technical Support: support@apilayer.com]'}}
2024-06-26 22:43:38,500 - WARNING - Taxa de câmbio para BRL não encontrada em 2023-01-02.
2024-06-26 22:43:38,501 - INFO - Dados preparados para salvar: [{'data': '26/06/2024', 'valor_usd': 1, 'valor_brl': 5.48}]
2024-06-26 22:43:38,501 - INFO - Salvando dados no arquivo: ../dados/csv/taxas.csv
2024-06-26 22:43:38,519 - INFO - Dados salvos no arquivo ../dados/csv/taxas.csv
2024-06-26 22:56:34,313 - INFO - Taxa de câmbio obtida: 1 USD = 5.48 BRL
2024-06-26 22:56:34,314 - INFO - Obtendo taxa de câmbio da URL: https://api.exchangerate.host/2023-01-01?access_key=YOUR_API_KEY
2024-06-26 22:56:35,228 - INFO - Resposta da API: {'success': False, 'error': {'code': 101, 'type': 'invalid_access_key', 'info': 'You have not supplied a valid API Access Key. [Technical Support: support@apilayer.com]'}}
2024-06-26 22:56:35,228 - WARNING - Taxa de câmbio para BRL não encontrada em 2023-01-01.
2024-06-26 22:56:35,229 - INFO - Obtendo taxa de câmbio da URL: https://api.exchangerate.host/2024-06-26?access_key=YOUR_API_KEY
2024-06-26 22:56:35,655 - INFO - Resposta da API: {'success': False, 'error': {'code': 101, 'type': 'invalid_access_key', 'info': 'You have not supplied a valid API Access Key. [Technical Support: support@apilayer.com]'}}
2024-06-26 22:56:35,656 - WARNING - Taxa de câmbio para BRL não encontrada em 2024-06-26.
2024-06-26 22:56:35,656 - INFO - Valor convertido: 100 USD = 548.0 BRL
2024-06-26 22:56:35,656 - INFO - Valor convertido: 1 USD = 5.48 BRL
2024-06-26 22:56:35,656 - INFO - Obtendo taxa de câmbio da URL: https://api.exchangerate.host/2023-01-02?access_key=YOUR_API_KEY
2024-06-26 22:56:36,313 - INFO - Resposta da API: {'success': False, 'error': {'code': 101, 'type': 'invalid_access_key', 'info': 'You have not supplied a valid API Access Key. [Technical Support: support@apilayer.com]'}}
2024-06-26 22:56:36,313 - WARNING - Taxa de câmbio para BRL não encontrada em 2023-01-02.
2024-06-26 22:56:36,314 - INFO - Dados preparados para salvar: [{'data': '26/06/2024', 'valor_usd': 1, 'valor_brl': 5.48}]
2024-06-26 22:56:36,314 - INFO - Diretório criado: dados/csv
2024-06-26 22:56:36,314 - INFO - Salvando dados no arquivo: dados/csv/taxas.csv
2024-06-26 22:56:36,331 - INFO - Dados salvos no arquivo dados/csv/taxas.csv
